app/build/intermediates/manifest_merge_blame_file/debug/manifest-merger-blame-debug-report.txt
1<?xml version="1.0" encoding="utf-8"?>
2<manifest xmlns:android="http://schemas.android.com/apk/res/android"
3    package="com.example.shiva.loginsignup"
4    android:versionCode="1"
5    android:versionName="1.0" >
6
7    <uses-sdk
8        android:minSdkVersion="15"
8-->src\main\AndroidManifest.xml
9        android:targetSdkVersion="28" />
9-->src\main\AndroidManifest.xml
10
11    <uses-permission android:name="android.permission.SEND_SMS" />
11-->src\main\AndroidManifest.xml:4:5-66
11-->src\main\AndroidManifest.xml:4:22-64
12    <uses-permission android:name="android.permission.RECEIVE_SMS" />
12-->src\main\AndroidManifest.xml:5:5-70
12-->src\main\AndroidManifest.xml:5:22-67
13    <uses-permission android:name="android.permission.READ_SMS" />
13-->src\main\AndroidManifest.xml:6:5-66
13-->src\main\AndroidManifest.xml:6:22-64
14
15    <application
15-->src\main\AndroidManifest.xml:8:5-39:19
16        android:allowBackup="true"
16-->src\main\AndroidManifest.xml:9:9-35
17        android:appComponentFactory="android.support.v4.app.CoreComponentFactory"
17-->[com.android.support:support-compat:28.0.0] AndroidManifest.xml:22:18-91
18        android:debuggable="true"
19        android:icon="@mipmap/ic_launcher_new"
19-->src\main\AndroidManifest.xml:10:9-47
20        android:label="@string/app_name"
20-->src\main\AndroidManifest.xml:11:9-41
21        android:supportsRtl="true"
21-->src\main\AndroidManifest.xml:12:9-35
22        android:theme="@style/AppTheme" >
22-->src\main\AndroidManifest.xml:13:9-40
23        <activity android:name="com.example.shiva.loginsignup.MainActivity" >
23-->src\main\AndroidManifest.xml:14:9-26:20
23-->src\main\AndroidManifest.xml:14:19-47
24            <intent-filter>
24-->src\main\AndroidManifest.xml:15:13-25:29
25                <action android:name="android.intent.action.MAIN" />
25-->src\main\AndroidManifest.xml:16:17-69
25-->src\main\AndroidManifest.xml:16:25-66
26                <!--
27                <action android:name="android.intent.action.VIEW"/>
28                <category android:name="android.intent.category.DEFAULT" />
29                <category android:name="android.intent.category.BROWSER" />
30                -->
31
32                <category android:name="android.intent.category.LAUNCHER" />
32-->src\main\AndroidManifest.xml:21:17-77
32-->src\main\AndroidManifest.xml:21:27-74
33                <!--
34                    <data android:scheme="http"
35                    android:host="host.com"
36                    android:pathPrefix="/file.html" />
37                -->
38            </intent-filter>
39        </activity>
40        <activity android:name="com.example.shiva.loginsignup.RegisterActivity" />
40-->src\main\AndroidManifest.xml:27:9-53
40-->src\main\AndroidManifest.xml:27:19-51
41        <activity android:name="com.example.shiva.loginsignup.ReceiveActivity" />
41-->src\main\AndroidManifest.xml:28:9-52
41-->src\main\AndroidManifest.xml:28:19-50
42        <activity android:name="com.example.shiva.loginsignup.DashboardActivity" />
42-->src\main\AndroidManifest.xml:29:9-64
42-->src\main\AndroidManifest.xml:29:19-52
43
44        <!-- <receiver -->
45        <!-- android:name=".MySmsReceiver" -->
46        <!-- android:enabled="true" -->
47        <!-- android:exported="true"> -->
48        <!-- <intent-filter > -->
49        <!-- <action android:name="android.provider.Telephony.SMS_RECEIVED" /> -->
50        <!-- </intent-filter> -->
51        <!-- </receiver> -->
52    </application>
53
54</manifest>